# JRE version: OpenJDK Runtime Environment Temurin-21.0.10+7 (21.0.10+7) (build 21.0.10+7-LTS)
# Java VM: OpenJDK 64-Bit Server VM Temurin-21.0.10+7 (21.0.10+7-LTS, mixed mode, sharing, tiered, compressed oops, compressed class ptrs, parallel gc, windows-amd64)
GC Precious Log:
 CardTable entry size: 512
 CPUs: 8 total, 8 available
 Memory: 16198M
 Large Page Support: Disabled
 NUMA Support: Disabled
 Compressed Oops: Enabled (32-bit)
 Alignments: Space 512K, Generation 512K, Heap 2M
 Heap Min Capacity: 100M
 Heap Initial Capacity: 100M
 Heap Max Capacity: 2G
 Pre-touch: Disabled
 Parallel Workers: 8
Heap:
 PSYoungGen      total 5632K, used 4569K [0x00000000d5580000, 0x00000000d5c00000, 0x0000000100000000)
  eden space 4608K, 85% used [0x00000000d5580000,0x00000000d5956458,0x00000000d5a00000)
  from space 1024K, 62% used [0x00000000d5a80000,0x00000000d5b20020,0x00000000d5b80000)
  to   space 512K, 0% used [0x00000000d5b80000,0x00000000d5b80000,0x00000000d5c00000)
 ParOldGen       total 270848K, used 270539K [0x0000000080000000, 0x0000000090880000, 0x00000000d5580000)
  object space 270848K, 99% used [0x0000000080000000,0x0000000090832d38,0x0000000090880000)
 Metaspace       used 78984K, committed 80640K, reserved 1179648K
  class space    used 8105K, committed 8832K, reserved 1048576K
GC Heap History (20 events):
Event: 719.323 GC heap before
{Heap before GC invocations=490 (full 5):
 PSYoungGen      total 5632K, used 5152K [0x00000000d5580000, 0x00000000d5c80000, 0x0000000100000000)
  eden space 4608K, 99% used [0x00000000d5580000,0x00000000d59ffff0,0x00000000d5a00000)
  from space 1024K, 53% used [0x00000000d5a00000,0x00000000d5a88020,0x00000000d5b00000)
  to   space 1024K, 0% used [0x00000000d5b80000,0x00000000d5b80000,0x00000000d5c80000)
 ParOldGen       total 268800K, used 267634K [0x0000000080000000, 0x0000000090680000, 0x00000000d5580000)
  object space 268800K, 99% used [0x0000000080000000,0x000000009055c9a0,0x0000000090680000)
 Metaspace       used 78907K, committed 80576K, reserved 1179648K
  class space    used 8102K, committed 8832K, reserved 1048576K
}
Event: 719.325 GC heap after
{Heap after GC invocations=490 (full 5):
 PSYoungGen      total 5120K, used 352K [0x00000000d5580000, 0x00000000d5c00000, 0x0000000100000000)
  eden space 4608K, 0% used [0x00000000d5580000,0x00000000d5580000,0x00000000d5a00000)
  from space 512K, 68% used [0x00000000d5b80000,0x00000000d5bd8000,0x00000000d5c00000)
  to   space 512K, 0% used [0x00000000d5b00000,0x00000000d5b00000,0x00000000d5b80000)
 ParOldGen       total 268800K, used 268063K [0x0000000080000000, 0x0000000090680000, 0x00000000d5580000)
  object space 268800K, 99% used [0x0000000080000000,0x00000000905c7c70,0x0000000090680000)
 Metaspace       used 78907K, committed 80576K, reserved 1179648K
  class space    used 8102K, committed 8832K, reserved 1048576K
}
Event: 1001.114 GC heap before
{Heap before GC invocations=491 (full 5):
 PSYoungGen      total 5120K, used 4959K [0x00000000d5580000, 0x00000000d5c00000, 0x0000000100000000)
  eden space 4608K, 99% used [0x00000000d5580000,0x00000000d59fffe8,0x00000000d5a00000)
  from space 512K, 68% used [0x00000000d5b80000,0x00000000d5bd8000,0x00000000d5c00000)
  to   space 512K, 0% used [0x00000000d5b00000,0x00000000d5b00000,0x00000000d5b80000)
 ParOldGen       total 268800K, used 268063K [0x0000000080000000, 0x0000000090680000, 0x00000000d5580000)
  object space 268800K, 99% used [0x0000000080000000,0x00000000905c7c70,0x0000000090680000)
 Metaspace       used 78911K, committed 80576K, reserved 1179648K
  class space    used 8102K, committed 8832K, reserved 1048576K
}
Event: 1001.116 GC heap after
{Heap after GC invocations=491 (full 5):
 PSYoungGen      total 5120K, used 288K [0x00000000d5580000, 0x00000000d5c00000, 0x0000000100000000)
  eden space 4608K, 0% used [0x00000000d5580000,0x00000000d5580000,0x00000000d5a00000)
  from space 512K, 56% used [0x00000000d5b00000,0x00000000d5b48000,0x00000000d5b80000)
  to   space 512K, 0% used [0x00000000d5b80000,0x00000000d5b80000,0x00000000d5c00000)
 ParOldGen       total 268800K, used 268159K [0x0000000080000000, 0x0000000090680000, 0x00000000d5580000)
  object space 268800K, 99% used [0x0000000080000000,0x00000000905dfc70,0x0000000090680000)
 Metaspace       used 78911K, committed 80576K, reserved 1179648K
  class space    used 8102K, committed 8832K, reserved 1048576K
}
Event: 1001.234 GC heap before
{Heap before GC invocations=492 (full 5):
 PSYoungGen      total 5120K, used 4896K [0x00000000d5580000, 0x00000000d5c00000, 0x0000000100000000)
  eden space 4608K, 100% used [0x00000000d5580000,0x00000000d5a00000,0x00000000d5a00000)
  from space 512K, 56% used [0x00000000d5b00000,0x00000000d5b48000,0x00000000d5b80000)
  to   space 512K, 0% used [0x00000000d5b80000,0x00000000d5b80000,0x00000000d5c00000)
 ParOldGen       total 268800K, used 268159K [0x0000000080000000, 0x0000000090680000, 0x00000000d5580000)
  object space 268800K, 99% used [0x0000000080000000,0x00000000905dfc70,0x0000000090680000)
 Metaspace       used 78920K, committed 80640K, reserved 1179648K
  class space    used 8104K, committed 8832K, reserved 1048576K
}
Event: 1001.235 GC heap after
{Heap after GC invocations=492 (full 5):
 PSYoungGen      total 5120K, used 192K [0x00000000d5580000, 0x00000000d5c00000, 0x0000000100000000)
  eden space 4608K, 0% used [0x00000000d5580000,0x00000000d5580000,0x00000000d5a00000)
  from space 512K, 37% used [0x00000000d5b80000,0x00000000d5bb0000,0x00000000d5c00000)
  to   space 512K, 0% used [0x00000000d5b00000,0x00000000d5b00000,0x00000000d5b80000)
 ParOldGen       total 268800K, used 268215K [0x0000000080000000, 0x0000000090680000, 0x00000000d5580000)
  object space 268800K, 99% used [0x0000000080000000,0x00000000905edc70,0x0000000090680000)
 Metaspace       used 78920K, committed 80640K, reserved 1179648K
  class space    used 8104K, committed 8832K, reserved 1048576K
}
Event: 1001.261 GC heap before
{Heap before GC invocations=493 (full 5):
 PSYoungGen      total 5120K, used 4789K [0x00000000d5580000, 0x00000000d5c00000, 0x0000000100000000)
  eden space 4608K, 99% used [0x00000000d5580000,0x00000000d59fd788,0x00000000d5a00000)
  from space 512K, 37% used [0x00000000d5b80000,0x00000000d5bb0000,0x00000000d5c00000)
  to   space 512K, 0% used [0x00000000d5b00000,0x00000000d5b00000,0x00000000d5b80000)
 ParOldGen       total 268800K, used 268215K [0x0000000080000000, 0x0000000090680000, 0x00000000d5580000)
  object space 268800K, 99% used [0x0000000080000000,0x00000000905edc70,0x0000000090680000)
 Metaspace       used 78921K, committed 80640K, reserved 1179648K
  class space    used 8104K, committed 8832K, reserved 1048576K
}
Event: 1001.262 GC heap after
{Heap after GC invocations=493 (full 5):
 PSYoungGen      total 5120K, used 416K [0x00000000d5580000, 0x00000000d5c00000, 0x0000000100000000)
  eden space 4608K, 0% used [0x00000000d5580000,0x00000000d5580000,0x00000000d5a00000)
  from space 512K, 81% used [0x00000000d5b00000,0x00000000d5b68020,0x00000000d5b80000)
  to   space 512K, 0% used [0x00000000d5b80000,0x00000000d5b80000,0x00000000d5c00000)
 ParOldGen       total 268800K, used 268295K [0x0000000080000000, 0x0000000090680000, 0x00000000d5580000)
  object space 268800K, 99% used [0x0000000080000000,0x0000000090601c70,0x0000000090680000)
 Metaspace       used 78921K, committed 80640K, reserved 1179648K
  class space    used 8104K, committed 8832K, reserved 1048576K
}
Event: 1001.361 GC heap before
{Heap before GC invocations=494 (full 5):
 PSYoungGen      total 5120K, used 5024K [0x00000000d5580000, 0x00000000d5c00000, 0x0000000100000000)
  eden space 4608K, 99% used [0x00000000d5580000,0x00000000d59ffff8,0x00000000d5a00000)
  from space 512K, 81% used [0x00000000d5b00000,0x00000000d5b68020,0x00000000d5b80000)
  to   space 512K, 0% used [0x00000000d5b80000,0x00000000d5b80000,0x00000000d5c00000)
 ParOldGen       total 268800K, used 268295K [0x0000000080000000, 0x0000000090680000, 0x00000000d5580000)
  object space 268800K, 99% used [0x0000000080000000,0x0000000090601c70,0x0000000090680000)
 Metaspace       used 78921K, committed 80640K, reserved 1179648K
  class space    used 8104K, committed 8832K, reserved 1048576K
}
Event: 1001.362 GC heap after
{Heap after GC invocations=494 (full 5):
 PSYoungGen      total 5120K, used 128K [0x00000000d5580000, 0x00000000d5c00000, 0x0000000100000000)
  eden space 4608K, 0% used [0x00000000d5580000,0x00000000d5580000,0x00000000d5a00000)
  from space 512K, 25% used [0x00000000d5b80000,0x00000000d5ba0000,0x00000000d5c00000)
  to   space 512K, 0% used [0x00000000d5b00000,0x00000000d5b00000,0x00000000d5b80000)
 ParOldGen       total 268800K, used 268527K [0x0000000080000000, 0x0000000090680000, 0x00000000d5580000)
  object space 268800K, 99% used [0x0000000080000000,0x000000009063bca0,0x0000000090680000)
 Metaspace       used 78921K, committed 80640K, reserved 1179648K
  class space    used 8104K, committed 8832K, reserved 1048576K
}
Event: 1003.199 GC heap before
{Heap before GC invocations=495 (full 5):
 PSYoungGen      total 5120K, used 4735K [0x00000000d5580000, 0x00000000d5c00000, 0x0000000100000000)
  eden space 4608K, 99% used [0x00000000d5580000,0x00000000d59fffd8,0x00000000d5a00000)
  from space 512K, 25% used [0x00000000d5b80000,0x00000000d5ba0000,0x00000000d5c00000)
  to   space 512K, 0% used [0x00000000d5b00000,0x00000000d5b00000,0x00000000d5b80000)
 ParOldGen       total 268800K, used 268527K [0x0000000080000000, 0x0000000090680000, 0x00000000d5580000)
  object space 268800K, 99% used [0x0000000080000000,0x000000009063bca0,0x0000000090680000)
 Metaspace       used 78934K, committed 80640K, reserved 1179648K
  class space    used 8104K, committed 8832K, reserved 1048576K
}
Event: 1003.200 GC heap after
{Heap after GC invocations=495 (full 5):
 PSYoungGen      total 5120K, used 500K [0x00000000d5580000, 0x00000000d5c00000, 0x0000000100000000)
  eden space 4608K, 0% used [0x00000000d5580000,0x00000000d5580000,0x00000000d5a00000)
  from space 512K, 97% used [0x00000000d5b00000,0x00000000d5b7d220,0x00000000d5b80000)
  to   space 512K, 0% used [0x00000000d5b80000,0x00000000d5b80000,0x00000000d5c00000)
 ParOldGen       total 268800K, used 268567K [0x0000000080000000, 0x0000000090680000, 0x00000000d5580000)
  object space 268800K, 99% used [0x0000000080000000,0x0000000090645ca0,0x0000000090680000)
 Metaspace       used 78934K, committed 80640K, reserved 1179648K
  class space    used 8104K, committed 8832K, reserved 1048576K
}
Event: 1003.207 GC heap before
{Heap before GC invocations=496 (full 5):
 PSYoungGen      total 5120K, used 5108K [0x00000000d5580000, 0x00000000d5c00000, 0x0000000100000000)
  eden space 4608K, 100% used [0x00000000d5580000,0x00000000d5a00000,0x00000000d5a00000)
  from space 512K, 97% used [0x00000000d5b00000,0x00000000d5b7d220,0x00000000d5b80000)
  to   space 512K, 0% used [0x00000000d5b80000,0x00000000d5b80000,0x00000000d5c00000)
 ParOldGen       total 268800K, used 268567K [0x0000000080000000, 0x0000000090680000, 0x00000000d5580000)
  object space 268800K, 99% used [0x0000000080000000,0x0000000090645ca0,0x0000000090680000)
 Metaspace       used 78935K, committed 80640K, reserved 1179648K
  class space    used 8104K, committed 8832K, reserved 1048576K
}
Event: 1003.207 GC heap after
{Heap after GC invocations=496 (full 5):
 PSYoungGen      total 5120K, used 432K [0x00000000d5580000, 0x00000000d5c00000, 0x0000000100000000)
  eden space 4608K, 0% used [0x00000000d5580000,0x00000000d5580000,0x00000000d5a00000)
  from space 512K, 84% used [0x00000000d5b80000,0x00000000d5bec010,0x00000000d5c00000)
  to   space 512K, 0% used [0x00000000d5b00000,0x00000000d5b00000,0x00000000d5b80000)
 ParOldGen       total 269312K, used 268867K [0x0000000080000000, 0x0000000090700000, 0x00000000d5580000)
  object space 269312K, 99% used [0x0000000080000000,0x0000000090690ed0,0x0000000090700000)
 Metaspace       used 78935K, committed 80640K, reserved 1179648K
  class space    used 8104K, committed 8832K, reserved 1048576K
}
Event: 1003.220 GC heap before
{Heap before GC invocations=497 (full 5):
 PSYoungGen      total 5120K, used 5040K [0x00000000d5580000, 0x00000000d5c00000, 0x0000000100000000)
  eden space 4608K, 100% used [0x00000000d5580000,0x00000000d5a00000,0x00000000d5a00000)
  from space 512K, 84% used [0x00000000d5b80000,0x00000000d5bec010,0x00000000d5c00000)
  to   space 512K, 0% used [0x00000000d5b00000,0x00000000d5b00000,0x00000000d5b80000)
 ParOldGen       total 269312K, used 268867K [0x0000000080000000, 0x0000000090700000, 0x00000000d5580000)
  object space 269312K, 99% used [0x0000000080000000,0x0000000090690ed0,0x0000000090700000)
 Metaspace       used 78935K, committed 80640K, reserved 1179648K
  class space    used 8104K, committed 8832K, reserved 1048576K
}
Event: 1003.221 GC heap after
{Heap after GC invocations=497 (full 5):
 PSYoungGen      total 5120K, used 491K [0x00000000d5580000, 0x00000000d5d00000, 0x0000000100000000)
  eden space 4608K, 0% used [0x00000000d5580000,0x00000000d5580000,0x00000000d5a00000)
  from space 512K, 96% used [0x00000000d5b00000,0x00000000d5b7afa8,0x00000000d5b80000)
  to   space 1536K, 0% used [0x00000000d5b80000,0x00000000d5b80000,0x00000000d5d00000)
 ParOldGen       total 269824K, used 269523K [0x0000000080000000, 0x0000000090780000, 0x00000000d5580000)
  object space 269824K, 99% used [0x0000000080000000,0x0000000090734f00,0x0000000090780000)
 Metaspace       used 78935K, committed 80640K, reserved 1179648K
  class space    used 8104K, committed 8832K, reserved 1048576K
}
Event: 1003.246 GC heap before
{Heap before GC invocations=498 (full 5):
 PSYoungGen      total 5120K, used 5099K [0x00000000d5580000, 0x00000000d5d00000, 0x0000000100000000)
  eden space 4608K, 100% used [0x00000000d5580000,0x00000000d5a00000,0x00000000d5a00000)
  from space 512K, 96% used [0x00000000d5b00000,0x00000000d5b7afa8,0x00000000d5b80000)
  to   space 1536K, 0% used [0x00000000d5b80000,0x00000000d5b80000,0x00000000d5d00000)
 ParOldGen       total 269824K, used 269523K [0x0000000080000000, 0x0000000090780000, 0x00000000d5580000)
  object space 269824K, 99% used [0x0000000080000000,0x0000000090734f00,0x0000000090780000)
 Metaspace       used 78947K, committed 80640K, reserved 1179648K
  class space    used 8104K, committed 8832K, reserved 1048576K
}
Event: 1003.248 GC heap after
{Heap after GC invocations=498 (full 5):
 PSYoungGen      total 5632K, used 676K [0x00000000d5580000, 0x00000000d5c80000, 0x0000000100000000)
  eden space 4608K, 0% used [0x00000000d5580000,0x00000000d5580000,0x00000000d5a00000)
  from space 1024K, 66% used [0x00000000d5b80000,0x00000000d5c29210,0x00000000d5c80000)
  to   space 1024K, 0% used [0x00000000d5a80000,0x00000000d5a80000,0x00000000d5b80000)
 ParOldGen       total 270336K, used 270032K [0x0000000080000000, 0x0000000090800000, 0x00000000d5580000)
  object space 270336K, 99% used [0x0000000080000000,0x00000000907b40a8,0x0000000090800000)
 Metaspace       used 78947K, committed 80640K, reserved 1179648K
  class space    used 8104K, committed 8832K, reserved 1048576K
}
Event: 1003.259 GC heap before
{Heap before GC invocations=499 (full 5):
 PSYoungGen      total 5632K, used 5284K [0x00000000d5580000, 0x00000000d5c80000, 0x0000000100000000)
  eden space 4608K, 100% used [0x00000000d5580000,0x00000000d5a00000,0x00000000d5a00000)
  from space 1024K, 66% used [0x00000000d5b80000,0x00000000d5c29210,0x00000000d5c80000)
  to   space 1024K, 0% used [0x00000000d5a80000,0x00000000d5a80000,0x00000000d5b80000)
 ParOldGen       total 270336K, used 270032K [0x0000000080000000, 0x0000000090800000, 0x00000000d5580000)
  object space 270336K, 99% used [0x0000000080000000,0x00000000907b40a8,0x0000000090800000)
 Metaspace       used 78952K, committed 80640K, reserved 1179648K
  class space    used 8105K, committed 8832K, reserved 1048576K
}
Event: 1003.260 GC heap after
{Heap after GC invocations=499 (full 5):
 PSYoungGen      total 5632K, used 640K [0x00000000d5580000, 0x00000000d5c00000, 0x0000000100000000)
  eden space 4608K, 0% used [0x00000000d5580000,0x00000000d5580000,0x00000000d5a00000)
  from space 1024K, 62% used [0x00000000d5a80000,0x00000000d5b20020,0x00000000d5b80000)
  to   space 512K, 0% used [0x00000000d5b80000,0x00000000d5b80000,0x00000000d5c00000)
 ParOldGen       total 270848K, used 270539K [0x0000000080000000, 0x0000000090880000, 0x00000000d5580000)
  object space 270848K, 99% used [0x0000000080000000,0x0000000090832d38,0x0000000090880000)
 Metaspace       used 78952K, committed 80640K, reserved 1179648K
  class space    used 8105K, committed 8832K, reserved 1048576K
}

